2025-12-22 13:29:04 | UI | INFO | I102 | UI error
2025-12-22 17:59:05 | Scheduler | INFO | I100 | Job failed
2025-12-22 16:55:29 | Network | INFO | I101 | Latency high
2025-12-22 16:14:51 | DB | INFO | I102 | Query executed
2025-12-22 17:07:49 | Scheduler | ERROR | E302 | Job queued
2025-12-22 13:34:15 | Auth | INFO | I101 | Logout
2025-12-22 16:49:47 | DB | INFO | I100 | Query executed
2025-12-22 16:56:35 | UI | WARNING | W202 | UI error
2025-12-22 13:44:12 | Auth | INFO | I101 | Logout
2025-12-22 13:50:15 | UI | ERROR | E300 | Button clicked
2025-12-22 14:29:43 | Network | WARNING | W202 | Packet dropped
2025-12-22 16:00:57 | Scheduler | INFO | I102 | Job delayed
2025-12-22 17:44:49 | DB | INFO | I100 | Query executed
2025-12-22 14:54:52 | DB | INFO | I101 | Transaction rolled back
2025-12-22 17:08:51 | Scheduler | INFO | I100 | Job delayed
2025-12-22 16:09:35 | DB | INFO | I101 | Query executed
2025-12-22 18:19:07 | Auth | WARNING | W200 | Logout
2025-12-22 15:42:51 | Network | WARNING | W202 | Latency high
2025-12-22 16:31:08 | Network | INFO | I100 | Packet dropped
2025-12-22 15:25:08 | Network | INFO | I100 | Packet dropped
2025-12-22 13:39:54 | UI | WARNING | W200 | Render delay
2025-12-22 15:49:49 | Auth | WARNING | W201 | Logout
2025-12-22 17:31:38 | Scheduler | INFO | I102 | Job executed
2025-12-22 14:33:52 | Auth | INFO | I102 | Password changed
2025-12-22 17:25:09 | UI | INFO | I101 | Page loaded
2025-12-22 15:38:36 | Network | INFO | I100 | Packet dropped
2025-12-22 15:36:12 | Network | INFO | I100 | Packet dropped
2025-12-22 17:56:07 | Scheduler | INFO | I100 | Job queued
2025-12-22 15:11:32 | DB | INFO | I102 | Transaction rolled back
2025-12-22 16:19:06 | Scheduler | INFO | I102 | Job delayed
2025-12-22 14:40:17 | Scheduler | WARNING | W201 | Job executed
2025-12-22 17:38:27 | Network | INFO | I100 | Latency high
2025-12-22 15:43:32 | Network | INFO | I100 | Connection lost
2025-12-22 16:34:31 | UI | ERROR | E300 | Render delay
2025-12-22 15:19:02 | UI | INFO | I100 | UI error
2025-12-22 17:12:43 | DB | INFO | I102 | Connection established
2025-12-22 18:04:27 | Scheduler | ERROR | E301 | Job executed
2025-12-22 18:19:27 | DB | WARNING | W200 | Transaction rolled back
2025-12-22 13:21:07 | UI | WARNING | W202 | Render delay
2025-12-22 17:08:24 | DB | INFO | I102 | Query executed
2025-12-22 15:32:36 | Scheduler | INFO | I102 | Job executed
2025-12-22 15:09:10 | Network | WARNING | W201 | Packet sent
2025-12-22 15:58:38 | Auth | INFO | I100 | Login success
2025-12-22 13:37:36 | DB | INFO | I102 | Connection established
2025-12-22 16:22:04 | Scheduler | INFO | I100 | Job queued
2025-12-22 17:54:01 | Auth | INFO | I101 | Login success
2025-12-22 13:24:01 | Network | ERROR | E301 | Packet sent
2025-12-22 13:27:46 | UI | WARNING | W201 | Button clicked
2025-12-22 15:12:38 | Network | INFO | I102 | Packet sent
2025-12-22 15:01:50 | Auth | INFO | I102 | Failed login attempt
2025-12-22 16:10:43 | Network | INFO | I101 | Packet sent
2025-12-22 15:55:28 | DB | WARNING | W202 | Query executed
2025-12-22 15:36:48 | Network | INFO | I101 | Packet dropped
2025-12-22 14:46:34 | UI | INFO | I101 | Button clicked
2025-12-22 16:55:11 | UI | INFO | I101 | UI error
2025-12-22 13:40:14 | DB | WARNING | W200 | Connection established
2025-12-22 16:13:19 | UI | WARNING | W201 | UI error
2025-12-22 17:01:08 | Network | INFO | I101 | Latency high
2025-12-22 14:47:37 | Auth | INFO | I102 | Failed login attempt
2025-12-22 16:05:22 | DB | INFO | I100 | Connection timeout
2025-12-22 14:41:35 | Network | INFO | I102 | Packet sent
2025-12-22 18:07:45 | Network | INFO | I100 | Latency high
2025-12-22 15:48:20 | Network | WARNING | W200 | Packet dropped
2025-12-22 15:43:27 | Network | WARNING | W201 | Connection lost
2025-12-22 13:35:44 | Scheduler | INFO | I102 | Job executed
2025-12-22 13:45:32 | Auth | INFO | I101 | Logout
2025-12-22 16:28:38 | Auth | INFO | I102 | Login success
2025-12-22 14:48:51 | Network | WARNING | W202 | Packet sent
2025-12-22 16:35:41 | UI | INFO | I100 | UI error
2025-12-22 18:20:05 | Auth | INFO | I101 | Login success
2025-12-22 15:50:31 | UI | INFO | I101 | UI error
2025-12-22 16:10:54 | Scheduler | INFO | I101 | Job failed
2025-12-22 16:13:05 | Network | INFO | I102 | Packet sent
2025-12-22 13:44:27 | UI | INFO | I101 | Render delay
2025-12-22 13:43:34 | Scheduler | ERROR | E300 | Job failed
2025-12-22 13:44:41 | DB | ERROR | E300 | Query executed
2025-12-22 15:59:51 | Network | WARNING | W202 | Packet dropped
2025-12-22 14:04:59 | UI | INFO | I101 | UI error
2025-12-22 16:10:18 | Auth | WARNING | W200 | Failed login attempt
2025-12-22 16:01:59 | UI | INFO | I102 | UI error
2025-12-22 16:11:18 | Scheduler | INFO | I100 | Job executed
2025-12-22 16:59:25 | Scheduler | INFO | I102 | Job queued
2025-12-22 17:27:12 | Auth | INFO | I101 | Failed login attempt
2025-12-22 14:04:29 | Auth | WARNING | W200 | Logout
2025-12-22 17:28:20 | Scheduler | INFO | I100 | Job failed
2025-12-22 14:10:38 | UI | INFO | I100 | Page loaded
2025-12-22 15:08:52 | Auth | ERROR | E302 | Logout
2025-12-22 17:45:11 | Scheduler | INFO | I100 | Job queued
2025-12-22 15:20:23 | Network | WARNING | W202 | Packet dropped
2025-12-22 14:44:09 | Scheduler | INFO | I100 | Job queued
2025-12-22 14:14:43 | Scheduler | INFO | I100 | Job delayed
2025-12-22 17:09:40 | Network | WARNING | W200 | Latency high
2025-12-22 15:20:20 | UI | INFO | I101 | UI error
2025-12-22 15:32:44 | DB | ERROR | E300 | Query executed
2025-12-22 17:04:38 | UI | INFO | I101 | Render delay
2025-12-22 17:19:08 | UI | INFO | I100 | Render delay
2025-12-22 15:18:28 | Network | INFO | I100 | Packet sent
2025-12-22 14:54:44 | Network | INFO | I100 | Packet dropped
2025-12-22 17:00:24 | DB | INFO | I101 | Transaction rolled back
2025-12-22 13:23:03 | UI | INFO | I101 | Page loaded
2025-12-22 16:03:41 | UI | INFO | I101 | UI error
2025-12-22 16:48:16 | UI | INFO | I101 | Render delay
2025-12-22 17:00:55 | Auth | INFO | I100 | Login success
2025-12-22 13:21:26 | Scheduler | ERROR | E302 | Job executed
2025-12-22 14:06:04 | Auth | INFO | I101 | Login success
2025-12-22 14:10:02 | DB | INFO | I101 | Connection established
2025-12-22 16:36:57 | Auth | WARNING | W202 | Login success
2025-12-22 17:11:29 | Scheduler | INFO | I100 | Job delayed
2025-12-22 16:45:34 | Scheduler | WARNING | W200 | Job queued
2025-12-22 17:13:01 | Auth | WARNING | W202 | Login success
2025-12-22 17:51:26 | Scheduler | INFO | I101 | Job failed
2025-12-22 14:26:18 | Network | INFO | I101 | Connection lost
2025-12-22 13:33:33 | DB | INFO | I102 | Transaction rolled back
2025-12-22 16:51:02 | Auth | WARNING | W201 | Logout
2025-12-22 17:09:17 | Network | INFO | I100 | Packet sent
2025-12-22 18:16:32 | Scheduler | INFO | I101 | Job failed
2025-12-22 14:06:53 | Network | INFO | I101 | Packet dropped
2025-12-22 14:20:23 | Auth | WARNING | W201 | Logout
2025-12-22 15:41:35 | Auth | WARNING | W202 | Logout
2025-12-22 18:13:36 | DB | INFO | I102 | Query executed
2025-12-22 18:13:48 | Auth | WARNING | W202 | Failed login attempt
2025-12-22 16:56:44 | UI | INFO | I101 | Render delay
2025-12-22 16:04:13 | UI | INFO | I100 | Render delay
2025-12-22 13:46:39 | Auth | WARNING | W202 | Login success
2025-12-22 16:38:16 | DB | INFO | I101 | Connection established
2025-12-22 18:16:15 | DB | ERROR | E300 | Transaction rolled back
2025-12-22 16:18:39 | Network | INFO | I100 | Packet sent
2025-12-22 18:11:30 | DB | ERROR | E301 | Query executed
2025-12-22 17:44:50 | Network | INFO | I102 | Latency high
2025-12-22 15:46:30 | Auth | WARNING | W200 | Password changed
2025-12-22 14:02:27 | Auth | INFO | I101 | Logout
2025-12-22 18:10:25 | Network | INFO | I102 | Connection lost
2025-12-22 13:36:43 | Scheduler | INFO | I100 | Job executed
2025-12-22 16:19:32 | Network | INFO | I102 | Latency high
2025-12-22 15:24:06 | Auth | INFO | I100 | Logout
2025-12-22 16:07:27 | Auth | ERROR | E302 | Login success
2025-12-22 17:22:42 | DB | INFO | I101 | Connection established
2025-12-22 16:03:47 | Network | INFO | I102 | Packet sent
2025-12-22 17:52:22 | UI | INFO | I100 | UI error
2025-12-22 14:33:00 | Scheduler | INFO | I100 | Job executed
2025-12-22 15:50:50 | DB | INFO | I101 | Query executed
2025-12-22 13:34:37 | Auth | INFO | I100 | Login success
2025-12-22 13:29:55 | Scheduler | INFO | I102 | Job queued
2025-12-22 16:30:22 | UI | INFO | I102 | Render delay
2025-12-22 13:36:51 | DB | WARNING | W201 | Connection established
2025-12-22 18:14:06 | DB | ERROR | E302 | Connection timeout
2025-12-22 14:09:44 | Network | INFO | I101 | Latency high
2025-12-22 13:59:26 | UI | WARNING | W202 | Button clicked
2025-12-22 15:20:16 | Network | WARNING | W200 | Connection lost
2025-12-22 16:48:22 | Scheduler | WARNING | W200 | Job failed
2025-12-22 17:25:58 | Scheduler | ERROR | E302 | Job executed
2025-12-22 14:43:27 | DB | INFO | I101 | Connection established
2025-12-22 17:06:40 | Scheduler | WARNING | W201 | Job delayed
2025-12-22 16:16:13 | Network | INFO | I101 | Packet dropped
2025-12-22 13:22:10 | Network | INFO | I101 | Latency high
2025-12-22 15:12:41 | UI | INFO | I101 | Button clicked
2025-12-22 17:50:07 | DB | INFO | I100 | Connection established
2025-12-22 16:32:36 | Scheduler | INFO | I102 | Job queued
2025-12-22 13:55:37 | Network | WARNING | W201 | Connection lost
2025-12-22 16:39:17 | UI | INFO | I102 | Page loaded
2025-12-22 14:07:00 | DB | WARNING | W201 | Transaction rolled back
2025-12-22 16:47:36 | Auth | INFO | I100 | Failed login attempt
2025-12-22 15:41:52 | UI | INFO | I102 | Page loaded
2025-12-22 14:01:37 | Auth | INFO | I101 | Login success
2025-12-22 13:45:12 | Network | INFO | I102 | Packet sent
2025-12-22 16:58:01 | Auth | INFO | I100 | Password changed
2025-12-22 13:25:06 | Auth | WARNING | W201 | Failed login attempt
2025-12-22 16:44:10 | DB | INFO | I100 | Connection established
2025-12-22 16:37:23 | UI | INFO | I101 | Button clicked
2025-12-22 17:22:48 | Auth | INFO | I101 | Login success
2025-12-22 16:52:34 | Network | INFO | I100 | Latency high
2025-12-22 15:37:25 | Auth | INFO | I102 | Login success
2025-12-22 17:50:22 | DB | INFO | I101 | Connection timeout
2025-12-22 16:56:53 | DB | INFO | I102 | Connection timeout
2025-12-22 14:08:01 | Auth | INFO | I102 | Failed login attempt
2025-12-22 17:55:52 | DB | ERROR | E302 | Connection timeout
2025-12-22 17:26:02 | Network | WARNING | W202 | Packet sent
2025-12-22 13:23:20 | Scheduler | INFO | I100 | Job failed
2025-12-22 15:13:16 | Scheduler | ERROR | E301 | Job queued
2025-12-22 15:39:51 | Network | WARNING | W200 | Connection lost
2025-12-22 13:48:26 | Auth | WARNING | W202 | Logout
2025-12-22 18:00:17 | UI | INFO | I100 | Render delay
2025-12-22 18:16:35 | Scheduler | WARNING | W202 | Job delayed
2025-12-22 17:53:36 | Auth | INFO | I101 | Failed login attempt
2025-12-22 14:04:50 | DB | INFO | I100 | Connection established
2025-12-22 17:14:17 | Network | WARNING | W202 | Packet sent
2025-12-22 16:31:21 | Auth | INFO | I102 | Failed login attempt
2025-12-22 17:19:51 | UI | INFO | I102 | Page loaded
2025-12-22 17:26:11 | Network | INFO | I100 | Connection lost
2025-12-22 13:27:50 | UI | INFO | I101 | Render delay
2025-12-22 15:55:26 | Network | INFO | I101 | Packet sent
2025-12-22 17:30:50 | Scheduler | INFO | I100 | Job failed
2025-12-22 16:30:44 | UI | INFO | I101 | UI error
2025-12-22 13:52:53 | DB | INFO | I101 | Transaction rolled back
2025-12-22 18:04:48 | UI | WARNING | W200 | UI error
2025-12-22 14:52:05 | Auth | INFO | I100 | Failed login attempt
2025-12-22 17:47:05 | Auth | ERROR | E301 | Failed login attempt
2025-12-22 18:19:26 | DB | WARNING | W200 | Connection established
2025-12-22 14:57:56 | Auth | INFO | I101 | Password changed
2025-12-22 13:46:31 | Network | WARNING | W201 | Packet dropped
2025-12-22 14:14:44 | Auth | INFO | I101 | Password changed
2025-12-22 15:15:22 | Scheduler | WARNING | W200 | Job queued
2025-12-22 14:30:57 | Network | INFO | I102 | Packet sent
2025-12-22 16:43:04 | Network | WARNING | W200 | Packet sent
2025-12-22 14:47:45 | UI | INFO | I102 | Page loaded
2025-12-22 15:35:12 | Scheduler | WARNING | W201 | Job queued
2025-12-22 16:50:37 | Auth | INFO | I101 | Logout
2025-12-22 17:17:10 | Auth | INFO | I101 | Logout
2025-12-22 15:10:21 | DB | INFO | I102 | Query executed
2025-12-22 18:13:08 | Scheduler | WARNING | W201 | Job executed
2025-12-22 17:22:03 | Scheduler | ERROR | E300 | Job delayed
2025-12-22 13:51:40 | Scheduler | INFO | I102 | Job delayed
2025-12-22 15:13:58 | UI | INFO | I102 | Render delay
2025-12-22 17:33:06 | DB | WARNING | W202 | Query executed
2025-12-22 13:54:49 | Scheduler | INFO | I101 | Job executed
2025-12-22 15:19:23 | UI | INFO | I102 | UI error
2025-12-22 14:08:08 | Scheduler | WARNING | W201 | Job executed
2025-12-22 17:45:19 | Network | INFO | I100 | Packet sent
2025-12-22 15:23:46 | UI | INFO | I101 | Render delay
2025-12-22 15:31:06 | UI | INFO | I102 | UI error
2025-12-22 13:32:13 | Network | WARNING | W201 | Latency high
2025-12-22 17:40:22 | UI | INFO | I100 | Render delay
2025-12-22 14:36:54 | Auth | INFO | I100 | Password changed
2025-12-22 18:17:53 | DB | INFO | I101 | Connection timeout
2025-12-22 17:03:39 | Auth | INFO | I101 | Password changed
2025-12-22 14:03:07 | Scheduler | INFO | I101 | Job queued
2025-12-22 17:23:10 | Auth | INFO | I100 | Failed login attempt
2025-12-22 17:49:16 | Auth | WARNING | W201 | Logout
2025-12-22 17:09:05 | Scheduler | WARNING | W201 | Job failed
2025-12-22 16:59:57 | Auth | ERROR | E302 | Logout
2025-12-22 15:01:39 | Network | WARNING | W201 | Packet dropped
2025-12-22 15:46:18 | Network | INFO | I101 | Latency high
2025-12-22 16:07:43 | Auth | INFO | I100 | Logout
2025-12-22 17:13:59 | Auth | WARNING | W202 | Failed login attempt
2025-12-22 14:45:28 | DB | ERROR | E300 | Transaction rolled back
2025-12-22 14:50:01 | Auth | ERROR | E300 | Login success
2025-12-22 13:32:08 | DB | WARNING | W202 | Query executed
2025-12-22 16:27:07 | DB | INFO | I100 | Connection established
2025-12-22 16:03:08 | Auth | INFO | I101 | Failed login attempt
2025-12-22 16:29:57 | Network | INFO | I101 | Latency high
2025-12-22 16:26:53 | Network | INFO | I101 | Connection lost
2025-12-22 13:42:20 | UI | INFO | I100 | Render delay
2025-12-22 15:20:00 | Auth | WARNING | W200 | Login success
2025-12-22 13:26:55 | Scheduler | WARNING | W201 | Job executed
2025-12-22 17:38:18 | Scheduler | INFO | I101 | Job queued
2025-12-22 16:51:48 | Scheduler | INFO | I100 | Job queued
2025-12-22 13:57:13 | Scheduler | INFO | I102 | Job queued
2025-12-22 17:31:25 | Scheduler | INFO | I101 | Job failed
2025-12-22 16:56:27 | Auth | INFO | I102 | Login success
2025-12-22 17:53:09 | Network | INFO | I101 | Packet dropped
2025-12-22 17:57:21 | DB | INFO | I101 | Connection established
2025-12-22 13:35:54 | UI | INFO | I102 | Page loaded
2025-12-22 15:55:27 | UI | INFO | I102 | Page loaded
2025-12-22 15:49:56 | Auth | INFO | I102 | Password changed
2025-12-22 15:33:13 | UI | INFO | I100 | Page loaded
2025-12-22 15:56:58 | DB | WARNING | W200 | Transaction rolled back
2025-12-22 14:31:36 | Scheduler | INFO | I101 | Job delayed
2025-12-22 14:31:59 | UI | INFO | I102 | Render delay
2025-12-22 14:15:41 | DB | INFO | I100 | Connection timeout
2025-12-22 14:54:22 | Auth | WARNING | W200 | Logout
2025-12-22 15:40:03 | UI | INFO | I101 | Page loaded
2025-12-22 17:21:23 | Auth | WARNING | W202 | Login success
2025-12-22 18:16:28 | UI | WARNING | W201 | Button clicked
2025-12-22 13:36:59 | UI | WARNING | W201 | Button clicked
2025-12-22 17:26:01 | Network | INFO | I102 | Packet sent
2025-12-22 13:23:17 | Auth | INFO | I101 | Logout
2025-12-22 15:55:32 | Scheduler | INFO | I101 | Job queued
2025-12-22 15:08:37 | Scheduler | INFO | I102 | Job executed
2025-12-22 13:35:05 | Scheduler | WARNING | W202 | Job delayed
2025-12-22 15:43:13 | UI | INFO | I100 | Button clicked
2025-12-22 14:20:14 | Network | INFO | I100 | Latency high
2025-12-22 13:24:17 | UI | INFO | I100 | Render delay
2025-12-22 15:01:24 | Auth | INFO | I100 | Login success
2025-12-22 17:34:29 | Network | WARNING | W202 | Latency high
2025-12-22 17:25:37 | UI | INFO | I102 | Render delay
2025-12-22 16:51:43 | UI | WARNING | W201 | Page loaded
2025-12-22 16:27:41 | Scheduler | INFO | I100 | Job executed
2025-12-22 15:44:28 | Auth | INFO | I101 | Login success
2025-12-22 14:39:35 | Auth | INFO | I102 | Password changed
2025-12-22 15:02:13 | Network | INFO | I102 | Packet sent
2025-12-22 14:07:09 | Auth | INFO | I100 | Failed login attempt
2025-12-22 17:01:39 | Scheduler | INFO | I102 | Job queued
2025-12-22 17:36:13 | DB | WARNING | W200 | Query executed
2025-12-22 13:58:49 | UI | INFO | I100 | Render delay
2025-12-22 17:24:55 | Scheduler | WARNING | W201 | Job delayed
2025-12-22 15:37:32 | Network | WARNING | W202 | Latency high
2025-12-22 16:53:12 | UI | INFO | I102 | UI error
2025-12-22 15:05:28 | Network | INFO | I101 | Connection lost
2025-12-22 15:15:01 | DB | ERROR | E302 | Connection established
2025-12-22 15:31:45 | Network | INFO | I101 | Connection lost
2025-12-22 17:15:03 | Network | INFO | I100 | Packet sent
2025-12-22 17:50:55 | Network | INFO | I102 | Connection lost
2025-12-22 17:36:56 | Auth | INFO | I102 | Login success
2025-12-22 14:53:43 | UI | WARNING | W200 | UI error
2025-12-22 17:53:59 | DB | INFO | I100 | Connection established
2025-12-22 14:09:59 | Auth | INFO | I100 | Login success
2025-12-22 14:53:05 | UI | INFO | I102 | UI error
2025-12-22 16:27:39 | UI | INFO | I102 | Page loaded
2025-12-22 16:57:29 | Scheduler | INFO | I102 | Job delayed
2025-12-22 15:05:36 | Auth | WARNING | W201 | Password changed
2025-12-22 17:34:18 | UI | INFO | I100 | Page loaded
2025-12-22 14:05:31 | DB | ERROR | E301 | Connection timeout
2025-12-22 14:29:12 | UI | ERROR | E300 | Page loaded
2025-12-22 17:27:16 | DB | WARNING | W202 | Query executed
2025-12-22 16:36:05 | DB | INFO | I100 | Connection timeout
2025-12-22 16:19:45 | Auth | INFO | I102 | Logout
2025-12-22 17:03:47 | Network | INFO | I100 | Latency high
2025-12-22 16:09:49 | UI | WARNING | W200 | Button clicked
2025-12-22 17:42:45 | Network | WARNING | W200 | Packet sent
2025-12-22 16:55:47 | Network | INFO | I101 | Latency high
2025-12-22 16:57:16 | DB | INFO | I102 | Query executed
2025-12-22 16:57:42 | DB | WARNING | W200 | Connection established
2025-12-22 14:39:11 | Network | ERROR | E300 | Packet dropped
2025-12-22 14:28:07 | Auth | ERROR | E302 | Logout
2025-12-22 16:25:41 | Scheduler | INFO | I101 | Job executed
2025-12-22 15:07:32 | Auth | INFO | I100 | Login success
2025-12-22 16:56:15 | Auth | WARNING | W202 | Password changed
2025-12-22 17:38:24 | Auth | INFO | I101 | Login success
2025-12-22 17:58:56 | DB | ERROR | E300 | Query executed
2025-12-22 13:44:26 | DB | INFO | I100 | Transaction rolled back
2025-12-22 18:13:10 | UI | INFO | I102 | Button clicked
2025-12-22 17:32:52 | UI | INFO | I102 | UI error
2025-12-22 14:51:31 | UI | WARNING | W200 | Page loaded
2025-12-22 18:10:34 | Scheduler | WARNING | W200 | Job failed
2025-12-22 16:06:50 | Network | WARNING | W201 | Packet sent
2025-12-22 15:47:40 | UI | INFO | I101 | Button clicked
2025-12-22 13:25:34 | Network | ERROR | E300 | Packet dropped
2025-12-22 16:46:24 | UI | INFO | I100 | Button clicked
2025-12-22 17:37:59 | Auth | INFO | I100 | Login success
2025-12-22 15:26:06 | UI | INFO | I100 | Page loaded
2025-12-22 14:01:16 | Scheduler | WARNING | W200 | Job delayed
2025-12-22 13:42:55 | DB | INFO | I102 | Connection established
2025-12-22 17:34:51 | Scheduler | INFO | I102 | Job executed
2025-12-22 15:30:50 | Auth | INFO | I102 | Login success
2025-12-22 17:39:15 | Scheduler | WARNING | W202 | Job failed
2025-12-22 14:07:19 | Auth | INFO | I102 | Password changed
2025-12-22 14:39:10 | Network | INFO | I102 | Packet sent
2025-12-22 14:05:38 | Network | INFO | I100 | Packet dropped
2025-12-22 17:41:37 | DB | WARNING | W201 | Connection timeout
2025-12-22 13:46:48 | Auth | INFO | I101 | Failed login attempt
2025-12-22 13:25:41 | Network | INFO | I101 | Packet dropped
2025-12-22 18:17:02 | DB | WARNING | W200 | Query executed
2025-12-22 13:32:16 | Scheduler | INFO | I102 | Job queued
2025-12-22 16:30:05 | UI | INFO | I102 | Render delay
2025-12-22 16:30:01 | Network | INFO | I100 | Packet dropped
2025-12-22 16:49:54 | UI | ERROR | E301 | Page loaded
2025-12-22 16:21:38 | Auth | INFO | I102 | Logout
2025-12-22 17:47:32 | UI | WARNING | W202 | UI error
2025-12-22 15:40:30 | UI | INFO | I101 | Page loaded
2025-12-22 15:37:27 | Auth | INFO | I100 | Logout
2025-12-22 14:55:44 | Network | ERROR | E300 | Latency high
2025-12-22 16:10:07 | UI | INFO | I102 | Page loaded
2025-12-22 13:42:31 | UI | ERROR | E300 | Button clicked
2025-12-22 17:48:40 | DB | INFO | I102 | Connection timeout
2025-12-22 17:16:56 | Network | ERROR | E302 | Connection lost
2025-12-22 17:26:59 | UI | WARNING | W201 | Button clicked
2025-12-22 13:53:22 | Scheduler | ERROR | E301 | Job executed
2025-12-22 15:18:22 | UI | INFO | I101 | Button clicked
2025-12-22 15:49:41 | Scheduler | INFO | I101 | Job failed
2025-12-22 16:58:59 | Network | INFO | I101 | Latency high
2025-12-22 16:16:35 | Network | INFO | I100 | Packet dropped
2025-12-22 13:28:00 | Auth | ERROR | E302 | Login success
2025-12-22 14:43:53 | UI | INFO | I102 | Button clicked
2025-12-22 14:52:20 | UI | INFO | I101 | UI error
2025-12-22 18:14:08 | DB | WARNING | W200 | Connection timeout
2025-12-22 17:26:20 | DB | INFO | I101 | Query executed
2025-12-22 17:42:42 | UI | INFO | I100 | Button clicked
2025-12-22 15:27:00 | UI | INFO | I101 | UI error
2025-12-22 16:19:21 | Scheduler | ERROR | E300 | Job executed
2025-12-22 14:35:51 | Network | INFO | I100 | Packet dropped
2025-12-22 18:15:12 | Auth | INFO | I100 | Password changed
2025-12-22 14:24:44 | Scheduler | INFO | I100 | Job executed
2025-12-22 14:37:06 | Scheduler | WARNING | W200 | Job failed
2025-12-22 15:34:21 | Network | ERROR | E300 | Packet sent
2025-12-22 17:15:40 | Network | INFO | I102 | Packet dropped
2025-12-22 15:56:59 | Auth | INFO | I102 | Failed login attempt
2025-12-22 17:53:39 | UI | ERROR | E302 | UI error
2025-12-22 16:01:36 | Scheduler | INFO | I102 | Job executed
2025-12-22 16:54:52 | Auth | INFO | I102 | Logout
2025-12-22 13:25:22 | UI | INFO | I102 | Render delay
2025-12-22 15:33:38 | Network | WARNING | W202 | Packet sent
2025-12-22 17:49:41 | DB | WARNING | W202 | Query executed
2025-12-22 15:39:19 | Scheduler | WARNING | W202 | Job delayed
2025-12-22 14:43:32 | UI | INFO | I102 | Page loaded
2025-12-22 13:26:44 | DB | INFO | I101 | Connection established
2025-12-22 13:44:03 | Network | WARNING | W200 | Connection lost
2025-12-22 18:01:06 | DB | WARNING | W200 | Query executed
2025-12-22 14:02:10 | Network | WARNING | W202 | Latency high
2025-12-22 16:45:54 | Scheduler | INFO | I101 | Job failed
2025-12-22 16:53:24 | UI | INFO | I100 | Render delay
2025-12-22 16:29:49 | Auth | WARNING | W202 | Password changed
2025-12-22 14:57:58 | Scheduler | WARNING | W201 | Job delayed
2025-12-22 17:55:36 | DB | INFO | I101 | Transaction rolled back
2025-12-22 15:24:52 | Auth | INFO | I100 | Failed login attempt
2025-12-22 17:52:39 | Network | INFO | I102 | Latency high
2025-12-22 15:09:37 | Scheduler | INFO | I101 | Job failed
2025-12-22 17:57:45 | Network | WARNING | W200 | Packet dropped
2025-12-22 14:50:22 | UI | INFO | I100 | UI error
2025-12-22 18:05:12 | Auth | INFO | I100 | Failed login attempt
2025-12-22 16:15:38 | UI | INFO | I100 | Button clicked
2025-12-22 15:53:45 | Auth | INFO | I100 | Logout
2025-12-22 15:31:13 | Network | INFO | I102 | Connection lost
2025-12-22 16:21:35 | UI | INFO | I100 | UI error
2025-12-22 13:34:44 | Scheduler | INFO | I100 | Job failed
2025-12-22 18:04:17 | Scheduler | INFO | I101 | Job queued
2025-12-22 14:07:15 | UI | INFO | I101 | Render delay
2025-12-22 14:30:02 | Auth | INFO | I101 | Failed login attempt
2025-12-22 14:52:51 | Scheduler | INFO | I102 | Job executed
2025-12-22 17:16:39 | UI | INFO | I100 | Page loaded
2025-12-22 17:50:03 | UI | WARNING | W202 | UI error
2025-12-22 14:17:46 | UI | WARNING | W201 | Page loaded
2025-12-22 17:53:51 | DB | INFO | I102 | Query executed
2025-12-22 14:30:12 | Auth | INFO | I102 | Logout
2025-12-22 16:23:06 | Scheduler | INFO | I101 | Job failed
2025-12-22 16:11:58 | DB | WARNING | W201 | Query executed
2025-12-22 17:50:22 | DB | INFO | I101 | Transaction rolled back
2025-12-22 18:11:17 | Network | INFO | I102 | Latency high
2025-12-22 14:41:48 | Network | INFO | I100 | Packet sent
2025-12-22 17:41:39 | UI | INFO | I102 | UI error
2025-12-22 13:42:28 | UI | INFO | I102 | Button clicked
2025-12-22 18:07:46 | Scheduler | INFO | I102 | Job delayed
2025-12-22 18:16:55 | Scheduler | INFO | I102 | Job executed
2025-12-22 14:37:31 | Scheduler | WARNING | W200 | Job executed
2025-12-22 17:11:23 | Network | INFO | I102 | Latency high
2025-12-22 16:02:34 | Scheduler | INFO | I102 | Job queued
2025-12-22 16:36:27 | DB | WARNING | W201 | Connection timeout
2025-12-22 15:19:22 | Scheduler | INFO | I101 | Job queued
2025-12-22 14:07:59 | DB | INFO | I100 | Query executed
2025-12-22 16:15:00 | UI | INFO | I102 | Page loaded
2025-12-22 16:46:51 | Auth | INFO | I100 | Logout
2025-12-22 15:06:58 | DB | INFO | I100 | Connection timeout
2025-12-22 14:27:11 | UI | INFO | I100 | Page loaded
2025-12-22 16:30:29 | Scheduler | INFO | I100 | Job failed
2025-12-22 15:59:19 | Scheduler | ERROR | E302 | Job executed
2025-12-22 15:51:06 | Scheduler | INFO | I102 | Job failed
2025-12-22 15:45:38 | Scheduler | INFO | I101 | Job delayed
2025-12-22 15:25:48 | UI | INFO | I102 | Page loaded
2025-12-22 13:28:41 | Scheduler | ERROR | E301 | Job queued
2025-12-22 14:55:48 | Network | INFO | I101 | Latency high
2025-12-22 15:49:51 | Auth | INFO | I102 | Password changed
2025-12-22 16:05:46 | Auth | WARNING | W202 | Password changed
2025-12-22 16:43:09 | UI | INFO | I102 | Button clicked
2025-12-22 17:52:00 | UI | INFO | I100 | Render delay
2025-12-22 17:58:44 | UI | INFO | I101 | UI error
2025-12-22 15:45:00 | UI | INFO | I101 | Render delay
2025-12-22 13:28:26 | UI | INFO | I100 | Page loaded
2025-12-22 13:28:24 | Scheduler | INFO | I102 | Job failed
2025-12-22 16:35:42 | DB | INFO | I101 | Connection timeout
2025-12-22 18:16:46 | Scheduler | INFO | I101 | Job queued
2025-12-22 15:16:49 | Scheduler | INFO | I100 | Job queued
2025-12-22 16:24:41 | Auth | INFO | I101 | Logout
2025-12-22 15:42:51 | Network | INFO | I102 | Packet sent
2025-12-22 14:01:32 | UI | INFO | I101 | Render delay
2025-12-22 16:12:11 | Auth | INFO | I100 | Password changed
2025-12-22 14:08:29 | Auth | INFO | I101 | Failed login attempt
2025-12-22 17:54:47 | UI | INFO | I100 | UI error
2025-12-22 17:34:23 | Scheduler | INFO | I101 | Job queued
2025-12-22 15:35:14 | Auth | WARNING | W202 | Login success
2025-12-22 17:12:39 | Scheduler | INFO | I102 | Job failed
2025-12-22 17:40:59 | UI | INFO | I102 | Page loaded
2025-12-22 15:35:47 | DB | INFO | I100 | Query executed
2025-12-22 16:11:03 | Network | INFO | I100 | Connection lost
2025-12-22 14:14:01 | Auth | WARNING | W201 | Login success
2025-12-22 16:15:00 | DB | INFO | I101 | Query executed
2025-12-22 13:28:10 | DB | ERROR | E301 | Transaction rolled back
2025-12-22 17:29:06 | Network | INFO | I101 | Connection lost
2025-12-22 16:53:55 | DB | INFO | I100 | Connection timeout
2025-12-22 17:47:09 | DB | WARNING | W200 | Connection timeout
2025-12-22 18:17:25 | Auth | ERROR | E300 | Login success
2025-12-22 16:27:09 | Scheduler | INFO | I102 | Job failed
2025-12-22 13:32:55 | UI | ERROR | E302 | Page loaded
2025-12-22 14:27:31 | DB | INFO | I100 | Connection established
2025-12-22 15:51:43 | Network | INFO | I101 | Latency high
2025-12-22 15:26:32 | Network | INFO | I100 | Latency high
2025-12-22 14:04:21 | Scheduler | INFO | I101 | Job executed
2025-12-22 13:54:35 | Scheduler | INFO | I102 | Job delayed
2025-12-22 16:08:54 | UI | INFO | I102 | Button clicked
2025-12-22 16:09:42 | DB | ERROR | E300 | Transaction rolled back
2025-12-22 14:39:59 | Network | INFO | I101 | Packet sent
2025-12-22 16:58:07 | Auth | INFO | I101 | Login success
2025-12-22 15:35:38 | Auth | WARNING | W202 | Logout
2025-12-22 14:45:37 | Auth | ERROR | E300 | Logout
2025-12-22 16:11:04 | UI | ERROR | E300 | Render delay
2025-12-22 13:42:15 | UI | INFO | I102 | Button clicked
2025-12-22 15:15:29 | Auth | INFO | I100 | Password changed
2025-12-22 15:13:24 | Auth | INFO | I102 | Password changed
2025-12-22 13:51:00 | Network | INFO | I101 | Packet sent
2025-12-22 16:25:16 | Network | INFO | I102 | Connection lost
2025-12-22 16:33:00 | UI | WARNING | W201 | Button clicked
2025-12-22 15:33:53 | DB | INFO | I102 | Connection established
2025-12-22 15:13:14 | Network | INFO | I100 | Packet dropped
2025-12-22 16:56:37 | Network | INFO | I102 | Packet dropped
2025-12-22 15:11:43 | UI | INFO | I102 | UI error
2025-12-22 16:50:31 | Network | INFO | I102 | Latency high
2025-12-22 17:43:56 | Scheduler | WARNING | W200 | Job queued
2025-12-22 14:34:38 | Network | INFO | I100 | Latency high
2025-12-22 14:03:57 | Auth | INFO | I100 | Password changed
2025-12-22 18:00:23 | UI | INFO | I100 | Render delay
2025-12-22 15:16:36 | Auth | INFO | I102 | Password changed
2025-12-22 14:03:58 | Network | WARNING | W202 | Packet sent
